
*************************************************************
 Geant4 version Name: geant4-09-01-patch-01    (25-January-2008)
                      Copyright : Geant4 Collaboration
                      Reference : NIM A 506 (2003), 250-303
                            WWW : http://cern.ch/geant4
*************************************************************


The materials defined are : 


***** Table : Nb of materials = 4 *****

 Material:      Air     density:  1.290 mg/cm3  RadL: 285.161 m    Imean:  85.684 eV   temperature: 273.15 K  pressure:   1.00 atm
   --->  Element: Nitrogen (N)   Z =  7.0   N =  14.0   A =  14.01 g/mole  ElmMassFraction:  70.00 %  ElmAbundance  72.71 %
   --->  Element: Oxygen (O)   Z =  8.0   N =  16.0   A =  16.00 g/mole  ElmMassFraction:  30.00 %  ElmAbundance  27.29 %

 Material:     Lead     density: 11.350 g/cm3   RadL:   5.612 mm   Imean: 820.000 eV 
   --->  Element: Lead ( )   Z = 82.0   N = 207.2   A = 207.19 g/mole  ElmMassFraction: 100.00 %  ElmAbundance 100.00 %

 Material: XenonGas     density:  5.458 mg/cm3  RadL:  15.539 m    Imean: 480.600 eV   temperature: 293.15 K  pressure:   1.00 atm
   --->  Element: XenonGas ( )   Z = 54.0   N = 131.3   A = 131.29 g/mole  ElmMassFraction: 100.00 %  ElmAbundance 100.00 %

 Material: Aluminium     density:  2.700 g/cm3   RadL:   8.893 cm   Imean: 166.400 eV 
   --->  Element: Aluminium ( )   Z = 13.0   N =  27.0   A =  26.98 g/mole  ElmMassFraction: 100.00 %  ElmAbundance 100.00 %


Computed tolerance = 2e-08 mm
 toto 0
 toto 1
 toto 2
Visualization Manager instantiating...
Visualization Manager initialising...
Registering graphics systems...

You have successfully registered the following graphics systems.
Current available graphics systems are:
  ASCIITree (ATree)
  DAWNFILE (DAWNFILE)
  G4HepRep (HepRepXML)
  G4HepRepFile (HepRepFile)
  RayTracer (RayTracer)
  VRML1FILE (VRML1FILE)
  VRML2FILE (VRML2FILE)
  OpenGLImmediateX (OGLIX)
  OpenGLStoredX (OGLSX)
  RayTracerX (RayTracerX)

Registering model factories...

You have successfully registered the following model factories.
Registered model factories:
  generic
  drawByCharge
  drawByParticleID
  drawByOriginVolume
  drawByAttribute

Registered filter factories:
  chargeFilter
  particleFilter
  originVolumeFilter
  attributeFilter

/run/verbose 2
#
# Create a scene handler for a specific graphics system
# (Edit the next line(s) to choose another graphics system)
#
/vis/open OGLIX 600x600-0+0
/vis/sceneHandler/create OGLIX
/vis/viewer/create ! ! 600x600-0+0
Got standard cmap
Window name: viewer-0 (OpenGLImmediateX)
/vis/viewer/refresh
#
####/vis/open DAWNFILE
#
# draw scene
#
/vis/drawVolume
/vis/scene/create
/vis/scene/add/volume world
/vis/sceneHandler/attach
#
/vis/viewer/set/viewpointThetaPhi 90 180 deg
/vis/viewer/refresh
/vis/viewer/zoom 1.4
/vis/viewer/refresh
#
# for drawing the tracks
/vis/scene/add/trajectories
/tracking/storeTrajectory 1
WARNING: Trajectory storing has been requested.  This action may be
  reversed with "/tracking/storeTrajectory 0".
/vis/scene/notifyHandlers
# (if too many tracks cause core dump => /tracking/storeTrajectory 0)
# for drawing the hits, uncomment next line
# /vis/scene/add/hits
# (if you prefer refreshing each event, comment out next line)
/vis/scene/endOfEventAction accumulate
WARNING: The vis manager will keep up to 100 events.
  This may use a lot of memory.
#
#/run/beamOn 10
Idle> 
Idle> 
Idle> 
Idle> 